find_header: checking for sqlite3.h... -------------------- yes

"gcc-4.2 -o conftest -I/Users/vimuthfernando/.rbenv/versions/2.0.0-p0/include/ruby-2.0.0/x86_64-darwin12.3.0 -I/Users/vimuthfernando/.rbenv/versions/2.0.0-p0/include/ruby-2.0.0/ruby/backward -I/Users/vimuthfernando/.rbenv/versions/2.0.0-p0/include/ruby-2.0.0 -I. -I'/Users/vimuthfernando/.rbenv/versions/2.0.0-p0/include'  -D_XOPEN_SOURCE -D_DARWIN_C_SOURCE -D_DARWIN_UNLIMITED_SELECT -D_REENTRANT     -Wno-error=shorten-64-to-32 -pipe conftest.c  -L. -L/Users/vimuthfernando/.rbenv/versions/2.0.0-p0/lib -L. -L'/Users/vimuthfernando/.rbenv/versions/2.0.0-p0/lib'      -lruby-static  -lpthread -ldl -lobjc "
checked program was:
/* begin */
1: #include "ruby.h"
2: 
3: int main(void) {return 0;}
/* end */

"gcc-4.2 -E -I/Users/vimuthfernando/.rbenv/versions/2.0.0-p0/include/ruby-2.0.0/x86_64-darwin12.3.0 -I/Users/vimuthfernando/.rbenv/versions/2.0.0-p0/include/ruby-2.0.0/ruby/backward -I/Users/vimuthfernando/.rbenv/versions/2.0.0-p0/include/ruby-2.0.0 -I. -I'/Users/vimuthfernando/.rbenv/versions/2.0.0-p0/include'  -D_XOPEN_SOURCE -D_DARWIN_C_SOURCE -D_DARWIN_UNLIMITED_SELECT -D_REENTRANT     -Wno-error=shorten-64-to-32 -pipe  conftest.c -o conftest.i"
checked program was:
/* begin */
1: #include "ruby.h"
2: 
3: #include <sqlite3.h>
/* end */

--------------------

find_library: checking for sqlite3_libversion_number()... -------------------- -lsqlite3

"gcc-4.2 -o conftest -I/Users/vimuthfernando/.rbenv/versions/2.0.0-p0/include/ruby-2.0.0/x86_64-darwin12.3.0 -I/Users/vimuthfernando/.rbenv/versions/2.0.0-p0/include/ruby-2.0.0/ruby/backward -I/Users/vimuthfernando/.rbenv/versions/2.0.0-p0/include/ruby-2.0.0 -I. -I'/Users/vimuthfernando/.rbenv/versions/2.0.0-p0/include'  -D_XOPEN_SOURCE -D_DARWIN_C_SOURCE -D_DARWIN_UNLIMITED_SELECT -D_REENTRANT     -Wno-error=shorten-64-to-32 -pipe conftest.c  -L. -L/Users/vimuthfernando/.rbenv/versions/2.0.0-p0/lib -L. -L'/Users/vimuthfernando/.rbenv/versions/2.0.0-p0/lib'      -lruby-static -lsqlite3  -lpthread -ldl -lobjc "
conftest.c: In function ‘t’:
conftest.c:6: error: ‘sqlite3_libversion_number’ undeclared (first use in this function)
conftest.c:6: error: (Each undeclared identifier is reported only once
conftest.c:6: error: for each function it appears in.)
checked program was:
/* begin */
1: #include "ruby.h"
2: 
3: /*top*/
4: int main(void) {return 0;}
5: extern int t(void);
6: int t(void) { void ((*volatile p)()); p = (void ((*)()))sqlite3_libversion_number; return 0; }
/* end */

"gcc-4.2 -o conftest -I/Users/vimuthfernando/.rbenv/versions/2.0.0-p0/include/ruby-2.0.0/x86_64-darwin12.3.0 -I/Users/vimuthfernando/.rbenv/versions/2.0.0-p0/include/ruby-2.0.0/ruby/backward -I/Users/vimuthfernando/.rbenv/versions/2.0.0-p0/include/ruby-2.0.0 -I. -I'/Users/vimuthfernando/.rbenv/versions/2.0.0-p0/include'  -D_XOPEN_SOURCE -D_DARWIN_C_SOURCE -D_DARWIN_UNLIMITED_SELECT -D_REENTRANT     -Wno-error=shorten-64-to-32 -pipe conftest.c  -L. -L/Users/vimuthfernando/.rbenv/versions/2.0.0-p0/lib -L. -L'/Users/vimuthfernando/.rbenv/versions/2.0.0-p0/lib'      -lruby-static -lsqlite3  -lpthread -ldl -lobjc "
checked program was:
/* begin */
1: #include "ruby.h"
2: 
3: /*top*/
4: int main(void) {return 0;}
5: extern int t(void);
6: int t(void) { sqlite3_libversion_number(); return 0; }
/* end */

--------------------

have_func: checking for rb_proc_arity()... -------------------- yes

"gcc-4.2 -o conftest -I/Users/vimuthfernando/.rbenv/versions/2.0.0-p0/include/ruby-2.0.0/x86_64-darwin12.3.0 -I/Users/vimuthfernando/.rbenv/versions/2.0.0-p0/include/ruby-2.0.0/ruby/backward -I/Users/vimuthfernando/.rbenv/versions/2.0.0-p0/include/ruby-2.0.0 -I. -I'/Users/vimuthfernando/.rbenv/versions/2.0.0-p0/include'  -D_XOPEN_SOURCE -D_DARWIN_C_SOURCE -D_DARWIN_UNLIMITED_SELECT -D_REENTRANT     -Wno-error=shorten-64-to-32 -pipe conftest.c  -L. -L/Users/vimuthfernando/.rbenv/versions/2.0.0-p0/lib -L. -L'/Users/vimuthfernando/.rbenv/versions/2.0.0-p0/lib'     -lsqlite3  -lruby-static -lsqlite3  -lpthread -ldl -lobjc "
checked program was:
/* begin */
1: #include "ruby.h"
2: 
3: /*top*/
4: int main(void) {return 0;}
5: extern int t(void);
6: int t(void) { void ((*volatile p)()); p = (void ((*)()))rb_proc_arity; return 0; }
/* end */

--------------------

have_func: checking for sqlite3_initialize()... -------------------- yes

"gcc-4.2 -o conftest -I/Users/vimuthfernando/.rbenv/versions/2.0.0-p0/include/ruby-2.0.0/x86_64-darwin12.3.0 -I/Users/vimuthfernando/.rbenv/versions/2.0.0-p0/include/ruby-2.0.0/ruby/backward -I/Users/vimuthfernando/.rbenv/versions/2.0.0-p0/include/ruby-2.0.0 -I. -I'/Users/vimuthfernando/.rbenv/versions/2.0.0-p0/include'  -D_XOPEN_SOURCE -D_DARWIN_C_SOURCE -D_DARWIN_UNLIMITED_SELECT -D_REENTRANT     -Wno-error=shorten-64-to-32 -pipe conftest.c  -L. -L/Users/vimuthfernando/.rbenv/versions/2.0.0-p0/lib -L. -L'/Users/vimuthfernando/.rbenv/versions/2.0.0-p0/lib'     -lsqlite3  -lruby-static -lsqlite3  -lpthread -ldl -lobjc "
conftest.c: In function ‘t’:
conftest.c:6: error: ‘sqlite3_initialize’ undeclared (first use in this function)
conftest.c:6: error: (Each undeclared identifier is reported only once
conftest.c:6: error: for each function it appears in.)
checked program was:
/* begin */
1: #include "ruby.h"
2: 
3: /*top*/
4: int main(void) {return 0;}
5: extern int t(void);
6: int t(void) { void ((*volatile p)()); p = (void ((*)()))sqlite3_initialize; return 0; }
/* end */

"gcc-4.2 -o conftest -I/Users/vimuthfernando/.rbenv/versions/2.0.0-p0/include/ruby-2.0.0/x86_64-darwin12.3.0 -I/Users/vimuthfernando/.rbenv/versions/2.0.0-p0/include/ruby-2.0.0/ruby/backward -I/Users/vimuthfernando/.rbenv/versions/2.0.0-p0/include/ruby-2.0.0 -I. -I'/Users/vimuthfernando/.rbenv/versions/2.0.0-p0/include'  -D_XOPEN_SOURCE -D_DARWIN_C_SOURCE -D_DARWIN_UNLIMITED_SELECT -D_REENTRANT     -Wno-error=shorten-64-to-32 -pipe conftest.c  -L. -L/Users/vimuthfernando/.rbenv/versions/2.0.0-p0/lib -L. -L'/Users/vimuthfernando/.rbenv/versions/2.0.0-p0/lib'     -lsqlite3  -lruby-static -lsqlite3  -lpthread -ldl -lobjc "
checked program was:
/* begin */
1: #include "ruby.h"
2: 
3: /*top*/
4: int main(void) {return 0;}
5: extern int t(void);
6: int t(void) { sqlite3_initialize(); return 0; }
/* end */

--------------------

have_func: checking for sqlite3_backup_init()... -------------------- yes

"gcc-4.2 -o conftest -I/Users/vimuthfernando/.rbenv/versions/2.0.0-p0/include/ruby-2.0.0/x86_64-darwin12.3.0 -I/Users/vimuthfernando/.rbenv/versions/2.0.0-p0/include/ruby-2.0.0/ruby/backward -I/Users/vimuthfernando/.rbenv/versions/2.0.0-p0/include/ruby-2.0.0 -I. -I'/Users/vimuthfernando/.rbenv/versions/2.0.0-p0/include'  -D_XOPEN_SOURCE -D_DARWIN_C_SOURCE -D_DARWIN_UNLIMITED_SELECT -D_REENTRANT     -Wno-error=shorten-64-to-32 -pipe conftest.c  -L. -L/Users/vimuthfernando/.rbenv/versions/2.0.0-p0/lib -L. -L'/Users/vimuthfernando/.rbenv/versions/2.0.0-p0/lib'     -lsqlite3  -lruby-static -lsqlite3  -lpthread -ldl -lobjc "
conftest.c: In function ‘t’:
conftest.c:6: error: ‘sqlite3_backup_init’ undeclared (first use in this function)
conftest.c:6: error: (Each undeclared identifier is reported only once
conftest.c:6: error: for each function it appears in.)
checked program was:
/* begin */
1: #include "ruby.h"
2: 
3: /*top*/
4: int main(void) {return 0;}
5: extern int t(void);
6: int t(void) { void ((*volatile p)()); p = (void ((*)()))sqlite3_backup_init; return 0; }
/* end */

"gcc-4.2 -o conftest -I/Users/vimuthfernando/.rbenv/versions/2.0.0-p0/include/ruby-2.0.0/x86_64-darwin12.3.0 -I/Users/vimuthfernando/.rbenv/versions/2.0.0-p0/include/ruby-2.0.0/ruby/backward -I/Users/vimuthfernando/.rbenv/versions/2.0.0-p0/include/ruby-2.0.0 -I. -I'/Users/vimuthfernando/.rbenv/versions/2.0.0-p0/include'  -D_XOPEN_SOURCE -D_DARWIN_C_SOURCE -D_DARWIN_UNLIMITED_SELECT -D_REENTRANT     -Wno-error=shorten-64-to-32 -pipe conftest.c  -L. -L/Users/vimuthfernando/.rbenv/versions/2.0.0-p0/lib -L. -L'/Users/vimuthfernando/.rbenv/versions/2.0.0-p0/lib'     -lsqlite3  -lruby-static -lsqlite3  -lpthread -ldl -lobjc "
checked program was:
/* begin */
1: #include "ruby.h"
2: 
3: /*top*/
4: int main(void) {return 0;}
5: extern int t(void);
6: int t(void) { sqlite3_backup_init(); return 0; }
/* end */

--------------------

have_func: checking for sqlite3_column_database_name()... -------------------- no

"gcc-4.2 -o conftest -I/Users/vimuthfernando/.rbenv/versions/2.0.0-p0/include/ruby-2.0.0/x86_64-darwin12.3.0 -I/Users/vimuthfernando/.rbenv/versions/2.0.0-p0/include/ruby-2.0.0/ruby/backward -I/Users/vimuthfernando/.rbenv/versions/2.0.0-p0/include/ruby-2.0.0 -I. -I'/Users/vimuthfernando/.rbenv/versions/2.0.0-p0/include'  -D_XOPEN_SOURCE -D_DARWIN_C_SOURCE -D_DARWIN_UNLIMITED_SELECT -D_REENTRANT     -Wno-error=shorten-64-to-32 -pipe conftest.c  -L. -L/Users/vimuthfernando/.rbenv/versions/2.0.0-p0/lib -L. -L'/Users/vimuthfernando/.rbenv/versions/2.0.0-p0/lib'     -lsqlite3  -lruby-static -lsqlite3  -lpthread -ldl -lobjc "
conftest.c: In function ‘t’:
conftest.c:6: error: ‘sqlite3_column_database_name’ undeclared (first use in this function)
conftest.c:6: error: (Each undeclared identifier is reported only once
conftest.c:6: error: for each function it appears in.)
checked program was:
/* begin */
1: #include "ruby.h"
2: 
3: /*top*/
4: int main(void) {return 0;}
5: extern int t(void);
6: int t(void) { void ((*volatile p)()); p = (void ((*)()))sqlite3_column_database_name; return 0; }
/* end */

"gcc-4.2 -o conftest -I/Users/vimuthfernando/.rbenv/versions/2.0.0-p0/include/ruby-2.0.0/x86_64-darwin12.3.0 -I/Users/vimuthfernando/.rbenv/versions/2.0.0-p0/include/ruby-2.0.0/ruby/backward -I/Users/vimuthfernando/.rbenv/versions/2.0.0-p0/include/ruby-2.0.0 -I. -I'/Users/vimuthfernando/.rbenv/versions/2.0.0-p0/include'  -D_XOPEN_SOURCE -D_DARWIN_C_SOURCE -D_DARWIN_UNLIMITED_SELECT -D_REENTRANT     -Wno-error=shorten-64-to-32 -pipe conftest.c  -L. -L/Users/vimuthfernando/.rbenv/versions/2.0.0-p0/lib -L. -L'/Users/vimuthfernando/.rbenv/versions/2.0.0-p0/lib'     -lsqlite3  -lruby-static -lsqlite3  -lpthread -ldl -lobjc "
Undefined symbols for architecture x86_64:
  "_sqlite3_column_database_name", referenced from:
      _t in cc71l5iT.o
ld: symbol(s) not found for architecture x86_64
collect2: ld returned 1 exit status
checked program was:
/* begin */
1: #include "ruby.h"
2: 
3: /*top*/
4: int main(void) {return 0;}
5: extern int t(void);
6: int t(void) { sqlite3_column_database_name(); return 0; }
/* end */

--------------------

have_func: checking for sqlite3_enable_load_extension()... -------------------- no

"gcc-4.2 -o conftest -I/Users/vimuthfernando/.rbenv/versions/2.0.0-p0/include/ruby-2.0.0/x86_64-darwin12.3.0 -I/Users/vimuthfernando/.rbenv/versions/2.0.0-p0/include/ruby-2.0.0/ruby/backward -I/Users/vimuthfernando/.rbenv/versions/2.0.0-p0/include/ruby-2.0.0 -I. -I'/Users/vimuthfernando/.rbenv/versions/2.0.0-p0/include'  -D_XOPEN_SOURCE -D_DARWIN_C_SOURCE -D_DARWIN_UNLIMITED_SELECT -D_REENTRANT     -Wno-error=shorten-64-to-32 -pipe conftest.c  -L. -L/Users/vimuthfernando/.rbenv/versions/2.0.0-p0/lib -L. -L'/Users/vimuthfernando/.rbenv/versions/2.0.0-p0/lib'     -lsqlite3  -lruby-static -lsqlite3  -lpthread -ldl -lobjc "
conftest.c: In function ‘t’:
conftest.c:6: error: ‘sqlite3_enable_load_extension’ undeclared (first use in this function)
conftest.c:6: error: (Each undeclared identifier is reported only once
conftest.c:6: error: for each function it appears in.)
checked program was:
/* begin */
1: #include "ruby.h"
2: 
3: /*top*/
4: int main(void) {return 0;}
5: extern int t(void);
6: int t(void) { void ((*volatile p)()); p = (void ((*)()))sqlite3_enable_load_extension; return 0; }
/* end */

"gcc-4.2 -o conftest -I/Users/vimuthfernando/.rbenv/versions/2.0.0-p0/include/ruby-2.0.0/x86_64-darwin12.3.0 -I/Users/vimuthfernando/.rbenv/versions/2.0.0-p0/include/ruby-2.0.0/ruby/backward -I/Users/vimuthfernando/.rbenv/versions/2.0.0-p0/include/ruby-2.0.0 -I. -I'/Users/vimuthfernando/.rbenv/versions/2.0.0-p0/include'  -D_XOPEN_SOURCE -D_DARWIN_C_SOURCE -D_DARWIN_UNLIMITED_SELECT -D_REENTRANT     -Wno-error=shorten-64-to-32 -pipe conftest.c  -L. -L/Users/vimuthfernando/.rbenv/versions/2.0.0-p0/lib -L. -L'/Users/vimuthfernando/.rbenv/versions/2.0.0-p0/lib'     -lsqlite3  -lruby-static -lsqlite3  -lpthread -ldl -lobjc "
Undefined symbols for architecture x86_64:
  "_sqlite3_enable_load_extension", referenced from:
      _t in ccMV3NKO.o
ld: symbol(s) not found for architecture x86_64
collect2: ld returned 1 exit status
checked program was:
/* begin */
1: #include "ruby.h"
2: 
3: /*top*/
4: int main(void) {return 0;}
5: extern int t(void);
6: int t(void) { sqlite3_enable_load_extension(); return 0; }
/* end */

--------------------

have_func: checking for sqlite3_load_extension()... -------------------- no

"gcc-4.2 -o conftest -I/Users/vimuthfernando/.rbenv/versions/2.0.0-p0/include/ruby-2.0.0/x86_64-darwin12.3.0 -I/Users/vimuthfernando/.rbenv/versions/2.0.0-p0/include/ruby-2.0.0/ruby/backward -I/Users/vimuthfernando/.rbenv/versions/2.0.0-p0/include/ruby-2.0.0 -I. -I'/Users/vimuthfernando/.rbenv/versions/2.0.0-p0/include'  -D_XOPEN_SOURCE -D_DARWIN_C_SOURCE -D_DARWIN_UNLIMITED_SELECT -D_REENTRANT     -Wno-error=shorten-64-to-32 -pipe conftest.c  -L. -L/Users/vimuthfernando/.rbenv/versions/2.0.0-p0/lib -L. -L'/Users/vimuthfernando/.rbenv/versions/2.0.0-p0/lib'     -lsqlite3  -lruby-static -lsqlite3  -lpthread -ldl -lobjc "
conftest.c: In function ‘t’:
conftest.c:6: error: ‘sqlite3_load_extension’ undeclared (first use in this function)
conftest.c:6: error: (Each undeclared identifier is reported only once
conftest.c:6: error: for each function it appears in.)
checked program was:
/* begin */
1: #include "ruby.h"
2: 
3: /*top*/
4: int main(void) {return 0;}
5: extern int t(void);
6: int t(void) { void ((*volatile p)()); p = (void ((*)()))sqlite3_load_extension; return 0; }
/* end */

"gcc-4.2 -o conftest -I/Users/vimuthfernando/.rbenv/versions/2.0.0-p0/include/ruby-2.0.0/x86_64-darwin12.3.0 -I/Users/vimuthfernando/.rbenv/versions/2.0.0-p0/include/ruby-2.0.0/ruby/backward -I/Users/vimuthfernando/.rbenv/versions/2.0.0-p0/include/ruby-2.0.0 -I. -I'/Users/vimuthfernando/.rbenv/versions/2.0.0-p0/include'  -D_XOPEN_SOURCE -D_DARWIN_C_SOURCE -D_DARWIN_UNLIMITED_SELECT -D_REENTRANT     -Wno-error=shorten-64-to-32 -pipe conftest.c  -L. -L/Users/vimuthfernando/.rbenv/versions/2.0.0-p0/lib -L. -L'/Users/vimuthfernando/.rbenv/versions/2.0.0-p0/lib'     -lsqlite3  -lruby-static -lsqlite3  -lpthread -ldl -lobjc "
Undefined symbols for architecture x86_64:
  "_sqlite3_load_extension", referenced from:
      _t in ccek8Xxf.o
ld: symbol(s) not found for architecture x86_64
collect2: ld returned 1 exit status
checked program was:
/* begin */
1: #include "ruby.h"
2: 
3: /*top*/
4: int main(void) {return 0;}
5: extern int t(void);
6: int t(void) { sqlite3_load_extension(); return 0; }
/* end */

--------------------

have_func: checking for sqlite3_open_v2()... -------------------- yes

"gcc-4.2 -o conftest -I/Users/vimuthfernando/.rbenv/versions/2.0.0-p0/include/ruby-2.0.0/x86_64-darwin12.3.0 -I/Users/vimuthfernando/.rbenv/versions/2.0.0-p0/include/ruby-2.0.0/ruby/backward -I/Users/vimuthfernando/.rbenv/versions/2.0.0-p0/include/ruby-2.0.0 -I. -I'/Users/vimuthfernando/.rbenv/versions/2.0.0-p0/include'  -D_XOPEN_SOURCE -D_DARWIN_C_SOURCE -D_DARWIN_UNLIMITED_SELECT -D_REENTRANT     -Wno-error=shorten-64-to-32 -pipe conftest.c  -L. -L/Users/vimuthfernando/.rbenv/versions/2.0.0-p0/lib -L. -L'/Users/vimuthfernando/.rbenv/versions/2.0.0-p0/lib'     -lsqlite3  -lruby-static -lsqlite3  -lpthread -ldl -lobjc "
conftest.c: In function ‘t’:
conftest.c:6: error: ‘sqlite3_open_v2’ undeclared (first use in this function)
conftest.c:6: error: (Each undeclared identifier is reported only once
conftest.c:6: error: for each function it appears in.)
checked program was:
/* begin */
1: #include "ruby.h"
2: 
3: /*top*/
4: int main(void) {return 0;}
5: extern int t(void);
6: int t(void) { void ((*volatile p)()); p = (void ((*)()))sqlite3_open_v2; return 0; }
/* end */

"gcc-4.2 -o conftest -I/Users/vimuthfernando/.rbenv/versions/2.0.0-p0/include/ruby-2.0.0/x86_64-darwin12.3.0 -I/Users/vimuthfernando/.rbenv/versions/2.0.0-p0/include/ruby-2.0.0/ruby/backward -I/Users/vimuthfernando/.rbenv/versions/2.0.0-p0/include/ruby-2.0.0 -I. -I'/Users/vimuthfernando/.rbenv/versions/2.0.0-p0/include'  -D_XOPEN_SOURCE -D_DARWIN_C_SOURCE -D_DARWIN_UNLIMITED_SELECT -D_REENTRANT     -Wno-error=shorten-64-to-32 -pipe conftest.c  -L. -L/Users/vimuthfernando/.rbenv/versions/2.0.0-p0/lib -L. -L'/Users/vimuthfernando/.rbenv/versions/2.0.0-p0/lib'     -lsqlite3  -lruby-static -lsqlite3  -lpthread -ldl -lobjc "
checked program was:
/* begin */
1: #include "ruby.h"
2: 
3: /*top*/
4: int main(void) {return 0;}
5: extern int t(void);
6: int t(void) { sqlite3_open_v2(); return 0; }
/* end */

--------------------

have_func: checking for sqlite3_prepare_v2()... -------------------- yes

"gcc-4.2 -o conftest -I/Users/vimuthfernando/.rbenv/versions/2.0.0-p0/include/ruby-2.0.0/x86_64-darwin12.3.0 -I/Users/vimuthfernando/.rbenv/versions/2.0.0-p0/include/ruby-2.0.0/ruby/backward -I/Users/vimuthfernando/.rbenv/versions/2.0.0-p0/include/ruby-2.0.0 -I. -I'/Users/vimuthfernando/.rbenv/versions/2.0.0-p0/include'  -D_XOPEN_SOURCE -D_DARWIN_C_SOURCE -D_DARWIN_UNLIMITED_SELECT -D_REENTRANT     -Wno-error=shorten-64-to-32 -pipe conftest.c  -L. -L/Users/vimuthfernando/.rbenv/versions/2.0.0-p0/lib -L. -L'/Users/vimuthfernando/.rbenv/versions/2.0.0-p0/lib'     -lsqlite3  -lruby-static -lsqlite3  -lpthread -ldl -lobjc "
conftest.c: In function ‘t’:
conftest.c:6: error: ‘sqlite3_prepare_v2’ undeclared (first use in this function)
conftest.c:6: error: (Each undeclared identifier is reported only once
conftest.c:6: error: for each function it appears in.)
checked program was:
/* begin */
1: #include "ruby.h"
2: 
3: /*top*/
4: int main(void) {return 0;}
5: extern int t(void);
6: int t(void) { void ((*volatile p)()); p = (void ((*)()))sqlite3_prepare_v2; return 0; }
/* end */

"gcc-4.2 -o conftest -I/Users/vimuthfernando/.rbenv/versions/2.0.0-p0/include/ruby-2.0.0/x86_64-darwin12.3.0 -I/Users/vimuthfernando/.rbenv/versions/2.0.0-p0/include/ruby-2.0.0/ruby/backward -I/Users/vimuthfernando/.rbenv/versions/2.0.0-p0/include/ruby-2.0.0 -I. -I'/Users/vimuthfernando/.rbenv/versions/2.0.0-p0/include'  -D_XOPEN_SOURCE -D_DARWIN_C_SOURCE -D_DARWIN_UNLIMITED_SELECT -D_REENTRANT     -Wno-error=shorten-64-to-32 -pipe conftest.c  -L. -L/Users/vimuthfernando/.rbenv/versions/2.0.0-p0/lib -L. -L'/Users/vimuthfernando/.rbenv/versions/2.0.0-p0/lib'     -lsqlite3  -lruby-static -lsqlite3  -lpthread -ldl -lobjc "
checked program was:
/* begin */
1: #include "ruby.h"
2: 
3: /*top*/
4: int main(void) {return 0;}
5: extern int t(void);
6: int t(void) { sqlite3_prepare_v2(); return 0; }
/* end */

--------------------

have_type: checking for sqlite3_int64 in sqlite3.h... -------------------- yes

"gcc-4.2 -I/Users/vimuthfernando/.rbenv/versions/2.0.0-p0/include/ruby-2.0.0/x86_64-darwin12.3.0 -I/Users/vimuthfernando/.rbenv/versions/2.0.0-p0/include/ruby-2.0.0/ruby/backward -I/Users/vimuthfernando/.rbenv/versions/2.0.0-p0/include/ruby-2.0.0 -I. -I'/Users/vimuthfernando/.rbenv/versions/2.0.0-p0/include'  -D_XOPEN_SOURCE -D_DARWIN_C_SOURCE -D_DARWIN_UNLIMITED_SELECT -D_REENTRANT     -Wno-error=shorten-64-to-32 -pipe   -c conftest.c"
checked program was:
/* begin */
1: #include "ruby.h"
2: 
3: #include <sqlite3.h>
4: 
5: /*top*/
6: typedef sqlite3_int64 conftest_type;
7: int conftestval[sizeof(conftest_type)?1:-1];
/* end */

--------------------

have_type: checking for sqlite3_uint64 in sqlite3.h... -------------------- yes

"gcc-4.2 -I/Users/vimuthfernando/.rbenv/versions/2.0.0-p0/include/ruby-2.0.0/x86_64-darwin12.3.0 -I/Users/vimuthfernando/.rbenv/versions/2.0.0-p0/include/ruby-2.0.0/ruby/backward -I/Users/vimuthfernando/.rbenv/versions/2.0.0-p0/include/ruby-2.0.0 -I. -I'/Users/vimuthfernando/.rbenv/versions/2.0.0-p0/include'  -D_XOPEN_SOURCE -D_DARWIN_C_SOURCE -D_DARWIN_UNLIMITED_SELECT -D_REENTRANT     -Wno-error=shorten-64-to-32 -pipe   -c conftest.c"
checked program was:
/* begin */
1: #include "ruby.h"
2: 
3: #include <sqlite3.h>
4: 
5: /*top*/
6: typedef sqlite3_uint64 conftest_type;
7: int conftestval[sizeof(conftest_type)?1:-1];
/* end */

--------------------

